<?xml version="1.0" encoding="UTF-8"?>
<!-- Generated by org.testng.reporters.JUnitXMLReporter -->
<testsuite hostname="NOI-43JCHC2" ignored="0" name="Test2" tests="2" failures="1" timestamp="06 Apr 2019 16:48:49 GMT" time="11.168" errors="0">
  <testcase name="login" time="0.003" classname="Selenium.New">
    <failure type="java.lang.NullPointerException">
      <![CDATA[java.lang.NullPointerException
at Selenium.New.login(New.java:36)
at java.util.concurrent.ThreadPoolExecutor.runWorker(Unknown Source)
at java.util.concurrent.ThreadPoolExecutor$Worker.run(Unknown Source)
at java.lang.Thread.run(Unknown Source)
... Removed 10 stack frames]]>
    </failure>
  </testcase> <!-- login -->
  <testcase name="launch" time="11.144" classname="Selenium.New"/>
</testsuite> <!-- Test2 -->
