<?xml version="1.0" encoding="UTF-8"?>
<testng-results skipped="0" failed="1" ignored="0" total="3" passed="2">
  <reporter-output>
  </reporter-output>
  <suite name="Default suite" duration-ms="123312" started-at="2019-05-15T13:55:24Z" finished-at="2019-05-15T13:57:27Z">
    <groups>
    </groups>
    <test name="Default test" duration-ms="123312" started-at="2019-05-15T13:55:24Z" finished-at="2019-05-15T13:57:27Z">
      <class name="NaveenAssignment2">
        <test-method status="FAIL" signature="open()[pri:0, instance:NaveenAssignment2@6500df86]" name="open" duration-ms="25787" started-at="2019-05-15T13:55:24Z" finished-at="2019-05-15T13:55:50Z">
          <exception class="org.openqa.selenium.NoSuchFrameException">
            <message>
              <![CDATA[No frame element found by name or id webklipper-publisher-widget-container-notification-frame
Build info: version: '3.141.59', revision: 'e82be7d358', time: '2018-11-14T08:17:03'
System info: host: 'NOI-43JCHC2', ip: '192.168.43.115', os.name: 'Windows 7', os.arch: 'amd64', os.version: '6.1', java.version: '1.8.0_191'
Driver info: driver.version: unknown]]>
            </message>
            <full-stacktrace>
              <![CDATA[org.openqa.selenium.NoSuchFrameException: No frame element found by name or id webklipper-publisher-widget-container-notification-frame
Build info: version: '3.141.59', revision: 'e82be7d358', time: '2018-11-14T08:17:03'
System info: host: 'NOI-43JCHC2', ip: '192.168.43.115', os.name: 'Windows 7', os.arch: 'amd64', os.version: '6.1', java.version: '1.8.0_191'
Driver info: driver.version: unknown
at org.openqa.selenium.remote.RemoteWebDriver$RemoteTargetLocator.frame(RemoteWebDriver.java:885)
at NaveenAssignment2.open(NaveenAssignment2.java:42)
at sun.reflect.NativeMethodAccessorImpl.invoke0(Native Method)
at sun.reflect.NativeMethodAccessorImpl.invoke(Unknown Source)
at sun.reflect.DelegatingMethodAccessorImpl.invoke(Unknown Source)
at java.lang.reflect.Method.invoke(Unknown Source)
at org.testng.internal.MethodInvocationHelper.invokeMethod(MethodInvocationHelper.java:124)
at org.testng.internal.Invoker.invokeMethod(Invoker.java:580)
at org.testng.internal.Invoker.invokeTestMethod(Invoker.java:716)
at org.testng.internal.Invoker.invokeTestMethods(Invoker.java:988)
at org.testng.internal.TestMethodWorker.invokeTestMethods(TestMethodWorker.java:125)
at org.testng.internal.TestMethodWorker.run(TestMethodWorker.java:109)
at org.testng.TestRunner.privateRun(TestRunner.java:648)
at org.testng.TestRunner.run(TestRunner.java:505)
at org.testng.SuiteRunner.runTest(SuiteRunner.java:455)
at org.testng.SuiteRunner.runSequentially(SuiteRunner.java:450)
at org.testng.SuiteRunner.privateRun(SuiteRunner.java:415)
at org.testng.SuiteRunner.run(SuiteRunner.java:364)
at org.testng.SuiteRunnerWorker.runSuite(SuiteRunnerWorker.java:52)
at org.testng.SuiteRunnerWorker.run(SuiteRunnerWorker.java:84)
at org.testng.TestNG.runSuitesSequentially(TestNG.java:1208)
at org.testng.TestNG.runSuitesLocally(TestNG.java:1137)
at org.testng.TestNG.runSuites(TestNG.java:1049)
at org.testng.TestNG.run(TestNG.java:1017)
at org.testng.remote.AbstractRemoteTestNG.run(AbstractRemoteTestNG.java:114)
at org.testng.remote.RemoteTestNG.initAndRun(RemoteTestNG.java:251)
at org.testng.remote.RemoteTestNG.main(RemoteTestNG.java:77)
]]>
            </full-stacktrace>
          </exception> <!-- org.openqa.selenium.NoSuchFrameException -->
          <reporter-output>
          </reporter-output>
        </test-method> <!-- open -->
        <test-method status="PASS" signature="searchFlight()[pri:1, instance:NaveenAssignment2@6500df86]" name="searchFlight" duration-ms="14114" started-at="2019-05-15T13:55:50Z" finished-at="2019-05-15T13:56:04Z">
          <reporter-output>
          </reporter-output>
        </test-method> <!-- searchFlight -->
        <test-method status="PASS" signature="validation()[pri:2, instance:NaveenAssignment2@6500df86]" name="validation" duration-ms="83309" started-at="2019-05-15T13:56:04Z" finished-at="2019-05-15T13:57:27Z">
          <reporter-output>
          </reporter-output>
        </test-method> <!-- validation -->
      </class> <!-- NaveenAssignment2 -->
    </test> <!-- Default test -->
  </suite> <!-- Default suite -->
</testng-results>
